mode: set
github.com/allisonhere/assho/config.go:50.41,50.58 1 0
github.com/allisonhere/assho/config.go:51.41,51.58 1 0
github.com/allisonhere/assho/config.go:52.41,52.59 1 0
github.com/allisonhere/assho/config.go:55.36,55.73 1 0
github.com/allisonhere/assho/config.go:56.30,57.19 1 0
github.com/allisonhere/assho/config.go:57.19,59.3 1 0
github.com/allisonhere/assho/config.go:60.2,61.16 2 0
github.com/allisonhere/assho/config.go:61.16,63.3 1 0
github.com/allisonhere/assho/config.go:64.2,64.25 1 0
github.com/allisonhere/assho/config.go:66.36,67.19 1 0
github.com/allisonhere/assho/config.go:67.19,69.3 1 0
github.com/allisonhere/assho/config.go:70.2,71.36 2 0
github.com/allisonhere/assho/config.go:71.36,73.3 1 0
github.com/allisonhere/assho/config.go:74.2,74.13 1 0
github.com/allisonhere/assho/config.go:79.29,81.16 2 1
github.com/allisonhere/assho/config.go:81.16,83.3 1 0
github.com/allisonhere/assho/config.go:84.2,84.62 1 1
github.com/allisonhere/assho/config.go:87.35,89.16 2 1
github.com/allisonhere/assho/config.go:89.16,91.3 1 0
github.com/allisonhere/assho/config.go:92.2,92.62 1 1
github.com/allisonhere/assho/config.go:95.35,97.17 2 1
github.com/allisonhere/assho/config.go:97.17,100.3 1 1
github.com/allisonhere/assho/config.go:101.2,101.17 1 1
github.com/allisonhere/assho/config.go:101.17,103.3 1 1
github.com/allisonhere/assho/config.go:104.2,104.58 1 1
github.com/allisonhere/assho/config.go:107.31,109.17 2 1
github.com/allisonhere/assho/config.go:109.17,112.3 1 1
github.com/allisonhere/assho/config.go:113.2,113.58 1 1
github.com/allisonhere/assho/config.go:128.81,136.28 3 1
github.com/allisonhere/assho/config.go:136.28,137.25 1 1
github.com/allisonhere/assho/config.go:137.25,139.4 1 1
github.com/allisonhere/assho/config.go:141.2,141.39 1 1
github.com/allisonhere/assho/config.go:141.39,143.3 1 1
github.com/allisonhere/assho/config.go:144.2,144.17 1 1
github.com/allisonhere/assho/config.go:147.38,150.2 2 1
github.com/allisonhere/assho/config.go:152.25,154.42 2 1
github.com/allisonhere/assho/config.go:154.42,156.3 1 0
github.com/allisonhere/assho/config.go:157.2,157.32 1 1
github.com/allisonhere/assho/config.go:160.37,161.16 1 1
github.com/allisonhere/assho/config.go:161.16,163.3 1 1
github.com/allisonhere/assho/config.go:164.2,165.34 2 1
github.com/allisonhere/assho/config.go:165.34,167.17 2 1
github.com/allisonhere/assho/config.go:167.17,168.19 1 1
github.com/allisonhere/assho/config.go:168.19,170.5 1 0
github.com/allisonhere/assho/config.go:171.4,171.37 1 1
github.com/allisonhere/assho/config.go:171.37,173.5 1 1
github.com/allisonhere/assho/config.go:176.2,176.13 1 1
github.com/allisonhere/assho/config.go:181.54,182.33 1 0
github.com/allisonhere/assho/config.go:182.33,184.3 1 0
github.com/allisonhere/assho/config.go:185.2,188.22 3 0
github.com/allisonhere/assho/config.go:189.16,191.54 2 0
github.com/allisonhere/assho/config.go:191.54,193.4 1 0
github.com/allisonhere/assho/config.go:194.3,194.13 1 0
github.com/allisonhere/assho/config.go:195.15,196.36 1 0
github.com/allisonhere/assho/config.go:196.36,198.4 1 0
github.com/allisonhere/assho/config.go:199.3,201.54 3 0
github.com/allisonhere/assho/config.go:201.54,203.4 1 0
github.com/allisonhere/assho/config.go:204.3,204.13 1 0
github.com/allisonhere/assho/config.go:205.10,206.72 1 0
github.com/allisonhere/assho/config.go:210.55,211.15 1 0
github.com/allisonhere/assho/config.go:211.15,213.3 1 0
github.com/allisonhere/assho/config.go:214.2,217.22 3 0
github.com/allisonhere/assho/config.go:218.16,221.17 3 0
github.com/allisonhere/assho/config.go:221.17,223.4 1 0
github.com/allisonhere/assho/config.go:224.3,224.48 1 0
github.com/allisonhere/assho/config.go:225.15,226.36 1 0
github.com/allisonhere/assho/config.go:226.36,228.4 1 0
github.com/allisonhere/assho/config.go:229.3,231.17 3 0
github.com/allisonhere/assho/config.go:231.17,233.4 1 0
github.com/allisonhere/assho/config.go:234.3,234.48 1 0
github.com/allisonhere/assho/config.go:235.10,236.76 1 0
github.com/allisonhere/assho/config.go:242.48,244.26 2 1
github.com/allisonhere/assho/config.go:244.26,246.31 2 1
github.com/allisonhere/assho/config.go:246.31,249.4 2 1
github.com/allisonhere/assho/config.go:249.9,249.41 1 1
github.com/allisonhere/assho/config.go:249.41,251.86 1 0
github.com/allisonhere/assho/config.go:251.86,254.5 2 0
github.com/allisonhere/assho/config.go:256.3,256.28 1 1
github.com/allisonhere/assho/config.go:256.28,258.4 1 1
github.com/allisonhere/assho/config.go:260.2,260.18 1 1
github.com/allisonhere/assho/config.go:263.49,265.23 2 1
github.com/allisonhere/assho/config.go:265.23,266.24 1 1
github.com/allisonhere/assho/config.go:266.24,269.4 2 1
github.com/allisonhere/assho/config.go:270.3,270.35 1 1
github.com/allisonhere/assho/config.go:270.35,273.20 3 1
github.com/allisonhere/assho/config.go:273.20,275.5 1 1
github.com/allisonhere/assho/config.go:278.2,278.23 1 1
github.com/allisonhere/assho/config.go:281.53,283.24 2 1
github.com/allisonhere/assho/config.go:283.24,284.25 1 1
github.com/allisonhere/assho/config.go:284.25,287.4 2 1
github.com/allisonhere/assho/config.go:289.2,289.24 1 1
github.com/allisonhere/assho/config.go:292.48,293.23 1 1
github.com/allisonhere/assho/config.go:293.23,294.60 1 1
github.com/allisonhere/assho/config.go:294.60,295.77 1 0
github.com/allisonhere/assho/config.go:295.77,297.5 1 0
github.com/allisonhere/assho/config.go:299.3,299.35 1 1
github.com/allisonhere/assho/config.go:299.35,301.4 1 0
github.com/allisonhere/assho/config.go:303.2,303.14 1 1
github.com/allisonhere/assho/config.go:315.60,319.16 4 1
github.com/allisonhere/assho/config.go:319.16,320.25 1 1
github.com/allisonhere/assho/config.go:320.25,322.26 2 1
github.com/allisonhere/assho/config.go:322.26,323.71 1 1
github.com/allisonhere/assho/config.go:323.71,326.6 2 1
github.com/allisonhere/assho/config.go:326.11,326.41 1 1
github.com/allisonhere/assho/config.go:326.41,328.6 1 0
github.com/allisonhere/assho/config.go:330.4,330.16 1 1
github.com/allisonhere/assho/config.go:330.16,335.5 1 1
github.com/allisonhere/assho/config.go:336.9,338.4 1 0
github.com/allisonhere/assho/config.go:340.2,343.20 3 1
github.com/allisonhere/assho/config.go:343.20,345.3 1 0
github.com/allisonhere/assho/config.go:347.2,348.52 2 1
github.com/allisonhere/assho/config.go:348.52,349.67 1 0
github.com/allisonhere/assho/config.go:349.67,350.24 1 0
github.com/allisonhere/assho/config.go:350.24,352.5 1 0
github.com/allisonhere/assho/config.go:353.4,353.24 1 0
github.com/allisonhere/assho/config.go:353.24,354.74 1 0
github.com/allisonhere/assho/config.go:354.74,356.6 1 0
github.com/allisonhere/assho/config.go:358.4,358.72 1 0
github.com/allisonhere/assho/config.go:363.2,364.54 2 1
github.com/allisonhere/assho/config.go:364.54,365.23 1 1
github.com/allisonhere/assho/config.go:365.23,366.60 1 1
github.com/allisonhere/assho/config.go:366.60,368.5 1 0
github.com/allisonhere/assho/config.go:370.3,370.58 1 1
github.com/allisonhere/assho/config.go:372.2,372.70 1 0
github.com/allisonhere/assho/config.go:375.77,377.62 2 1
github.com/allisonhere/assho/config.go:377.62,379.3 1 1
github.com/allisonhere/assho/config.go:380.2,382.16 3 1
github.com/allisonhere/assho/config.go:382.16,384.3 1 0
github.com/allisonhere/assho/config.go:385.2,385.15 1 1
github.com/allisonhere/assho/config.go:385.15,385.32 1 1
github.com/allisonhere/assho/config.go:386.2,394.16 4 1
github.com/allisonhere/assho/config.go:394.16,396.3 1 0
github.com/allisonhere/assho/config.go:397.2,397.42 1 1
github.com/allisonhere/assho/config.go:397.42,399.3 1 0
github.com/allisonhere/assho/config.go:400.2,400.38 1 1
github.com/allisonhere/assho/config.go:400.38,402.3 1 0
github.com/allisonhere/assho/config.go:403.2,403.34 1 1
github.com/allisonhere/assho/config.go:403.34,405.3 1 0
github.com/allisonhere/assho/config.go:406.2,406.49 1 1
github.com/allisonhere/assho/config.go:406.49,408.3 1 0
github.com/allisonhere/assho/config.go:409.2,409.29 1 1
github.com/allisonhere/assho/delegate.go:16.64,16.76 1 1
github.com/allisonhere/assho/delegate.go:17.64,17.76 1 1
github.com/allisonhere/assho/delegate.go:18.64,18.78 1 0
github.com/allisonhere/assho/delegate.go:20.88,23.39 2 0
github.com/allisonhere/assho/delegate.go:23.39,25.17 2 0
github.com/allisonhere/assho/delegate.go:25.17,27.4 1 0
github.com/allisonhere/assho/delegate.go:28.3,30.17 3 0
github.com/allisonhere/assho/delegate.go:30.17,32.4 1 0
github.com/allisonhere/assho/delegate.go:33.3,34.9 2 0
github.com/allisonhere/assho/delegate.go:37.2,38.9 2 0
github.com/allisonhere/assho/delegate.go:38.9,40.3 1 0
github.com/allisonhere/assho/delegate.go:43.2,46.19 3 0
github.com/allisonhere/assho/delegate.go:46.19,50.3 3 0
github.com/allisonhere/assho/delegate.go:50.8,51.17 1 0
github.com/allisonhere/assho/delegate.go:51.17,53.4 1 0
github.com/allisonhere/assho/delegate.go:53.9,55.4 1 0
github.com/allisonhere/assho/delegate.go:58.3,59.27 2 0
github.com/allisonhere/assho/delegate.go:59.27,61.4 1 0
github.com/allisonhere/assho/delegate.go:61.9,61.30 1 0
github.com/allisonhere/assho/delegate.go:61.30,63.4 1 0
github.com/allisonhere/assho/delegate.go:65.3,69.37 4 0
github.com/allisonhere/assho/delegate.go:69.37,71.4 1 0
github.com/allisonhere/assho/delegate.go:72.3,74.24 2 0
github.com/allisonhere/assho/delegate.go:74.24,76.4 1 0
github.com/allisonhere/assho/delegate.go:77.3,77.28 1 0
github.com/allisonhere/assho/delegate.go:77.28,79.4 1 0
github.com/allisonhere/assho/delegate.go:82.2,82.16 1 0
github.com/allisonhere/assho/delegate.go:82.16,85.3 2 0
github.com/allisonhere/assho/delegate.go:85.8,88.3 2 0
github.com/allisonhere/assho/main.go:15.13,16.76 1 0
github.com/allisonhere/assho/main.go:16.76,19.3 2 0
github.com/allisonhere/assho/main.go:21.2,23.16 3 0
github.com/allisonhere/assho/main.go:23.16,26.3 2 0
github.com/allisonhere/assho/main.go:29.2,29.67 1 0
github.com/allisonhere/assho/main.go:29.67,38.20 7 0
github.com/allisonhere/assho/main.go:38.20,39.24 1 0
github.com/allisonhere/assho/main.go:39.24,42.5 2 0
github.com/allisonhere/assho/main.go:43.4,44.23 2 0
github.com/allisonhere/assho/main.go:44.23,47.5 2 0
github.com/allisonhere/assho/main.go:48.4,51.30 4 0
github.com/allisonhere/assho/main.go:52.9,55.4 2 0
github.com/allisonhere/assho/main.go:57.3,58.28 2 0
github.com/allisonhere/assho/main.go:58.28,60.4 1 0
github.com/allisonhere/assho/main.go:62.3,63.21 2 0
github.com/allisonhere/assho/main.go:63.21,65.4 1 0
github.com/allisonhere/assho/main.go:67.3,70.66 3 0
github.com/allisonhere/assho/main.go:70.66,73.4 2 0
github.com/allisonhere/assho/model.go:91.42,92.22 1 1
github.com/allisonhere/assho/model.go:92.22,94.3 1 1
github.com/allisonhere/assho/model.go:95.2,97.15 3 1
github.com/allisonhere/assho/model.go:100.38,101.21 1 1
github.com/allisonhere/assho/model.go:101.21,103.3 1 1
github.com/allisonhere/assho/model.go:104.2,105.23 2 1
github.com/allisonhere/assho/model.go:105.23,107.35 2 1
github.com/allisonhere/assho/model.go:107.35,109.4 1 1
github.com/allisonhere/assho/model.go:111.2,111.15 1 1
github.com/allisonhere/assho/model.go:114.58,115.23 1 1
github.com/allisonhere/assho/model.go:115.23,117.3 1 1
github.com/allisonhere/assho/model.go:118.2,120.15 3 1
github.com/allisonhere/assho/model.go:124.61,128.23 2 1
github.com/allisonhere/assho/model.go:128.23,129.29 1 1
github.com/allisonhere/assho/model.go:129.29,130.12 1 1
github.com/allisonhere/assho/model.go:132.3,135.17 4 1
github.com/allisonhere/assho/model.go:135.17,136.32 1 0
github.com/allisonhere/assho/model.go:136.32,141.5 4 0
github.com/allisonhere/assho/model.go:146.2,146.24 1 1
github.com/allisonhere/assho/model.go:146.24,149.18 3 1
github.com/allisonhere/assho/model.go:149.18,150.12 1 1
github.com/allisonhere/assho/model.go:152.3,152.24 1 1
github.com/allisonhere/assho/model.go:152.24,153.32 1 1
github.com/allisonhere/assho/model.go:153.32,154.13 1 1
github.com/allisonhere/assho/model.go:156.4,159.18 4 1
github.com/allisonhere/assho/model.go:159.18,160.33 1 1
github.com/allisonhere/assho/model.go:160.33,165.6 4 1
github.com/allisonhere/assho/model.go:169.2,169.14 1 1
github.com/allisonhere/assho/model.go:175.59,177.23 2 1
github.com/allisonhere/assho/model.go:177.23,178.29 1 1
github.com/allisonhere/assho/model.go:178.29,179.12 1 1
github.com/allisonhere/assho/model.go:181.3,184.31 4 1
github.com/allisonhere/assho/model.go:184.31,189.4 4 1
github.com/allisonhere/assho/model.go:191.2,191.24 1 1
github.com/allisonhere/assho/model.go:191.24,194.24 3 1
github.com/allisonhere/assho/model.go:194.24,195.32 1 1
github.com/allisonhere/assho/model.go:195.32,196.13 1 1
github.com/allisonhere/assho/model.go:198.4,201.32 4 1
github.com/allisonhere/assho/model.go:201.32,206.5 4 1
github.com/allisonhere/assho/model.go:209.2,209.14 1 1
github.com/allisonhere/assho/model.go:212.40,214.26 2 1
github.com/allisonhere/assho/model.go:214.26,216.3 1 1
github.com/allisonhere/assho/model.go:217.2,217.14 1 1
github.com/allisonhere/assho/model.go:220.40,224.24 4 1
github.com/allisonhere/assho/model.go:224.24,232.25 8 1
github.com/allisonhere/assho/model.go:232.25,236.4 3 1
github.com/allisonhere/assho/model.go:237.3,237.16 1 1
github.com/allisonhere/assho/model.go:239.2,239.15 1 1
github.com/allisonhere/assho/model.go:242.27,248.35 6 0
github.com/allisonhere/assho/model.go:248.35,249.60 1 0
github.com/allisonhere/assho/model.go:249.60,250.22 1 0
github.com/allisonhere/assho/model.go:250.22,252.5 1 0
github.com/allisonhere/assho/model.go:252.10,254.5 1 0
github.com/allisonhere/assho/model.go:257.2,308.3 34 0
github.com/allisonhere/assho/model.go:311.31,313.2 1 0
github.com/allisonhere/assho/model.go:317.53,318.23 1 1
github.com/allisonhere/assho/model.go:318.23,319.24 1 1
github.com/allisonhere/assho/model.go:319.24,321.4 1 1
github.com/allisonhere/assho/model.go:323.2,323.11 1 1
github.com/allisonhere/assho/model.go:326.56,327.24 1 1
github.com/allisonhere/assho/model.go:327.24,328.25 1 1
github.com/allisonhere/assho/model.go:328.25,330.4 1 1
github.com/allisonhere/assho/model.go:332.2,332.11 1 1
github.com/allisonhere/assho/model.go:335.55,337.18 2 1
github.com/allisonhere/assho/model.go:337.18,339.3 1 1
github.com/allisonhere/assho/model.go:340.2,340.24 1 1
github.com/allisonhere/assho/model.go:340.24,341.67 1 1
github.com/allisonhere/assho/model.go:341.67,343.4 1 1
github.com/allisonhere/assho/model.go:345.2,345.11 1 1
github.com/allisonhere/assho/model.go:350.39,354.37 4 0
github.com/allisonhere/assho/model.go:354.37,355.24 1 0
github.com/allisonhere/assho/model.go:355.24,362.4 5 0
github.com/allisonhere/assho/model.go:362.9,366.4 3 0
github.com/allisonhere/assho/model.go:368.2,368.27 1 0
github.com/allisonhere/assho/model.go:371.29,377.26 6 1
github.com/allisonhere/assho/model.go:377.26,380.3 2 1
github.com/allisonhere/assho/model.go:382.2,384.30 3 1
github.com/allisonhere/assho/model.go:387.38,404.21 17 1
github.com/allisonhere/assho/model.go:404.21,405.67 1 1
github.com/allisonhere/assho/model.go:405.67,407.4 1 1
github.com/allisonhere/assho/model.go:409.2,410.34 2 1
github.com/allisonhere/assho/model.go:413.38,417.17 3 1
github.com/allisonhere/assho/model.go:417.17,419.3 1 0
github.com/allisonhere/assho/model.go:420.2,420.78 1 1
github.com/allisonhere/assho/model.go:420.78,422.39 2 1
github.com/allisonhere/assho/model.go:422.39,424.4 1 1
github.com/allisonhere/assho/model.go:426.2,426.28 1 1
github.com/allisonhere/assho/model.go:426.28,427.71 1 1
github.com/allisonhere/assho/model.go:427.71,428.70 1 1
github.com/allisonhere/assho/model.go:428.70,430.5 1 1
github.com/allisonhere/assho/model.go:434.2,445.20 3 1
github.com/allisonhere/assho/model.go:445.20,446.30 1 1
github.com/allisonhere/assho/model.go:446.30,448.28 2 0
github.com/allisonhere/assho/model.go:448.28,450.5 1 0
github.com/allisonhere/assho/model.go:450.10,450.43 1 0
github.com/allisonhere/assho/model.go:450.43,452.5 1 0
github.com/allisonhere/assho/model.go:452.10,454.5 1 0
github.com/allisonhere/assho/model.go:455.9,457.4 1 1
github.com/allisonhere/assho/model.go:460.2,460.21 1 1
github.com/allisonhere/assho/model.go:460.21,462.3 1 1
github.com/allisonhere/assho/model.go:462.8,464.21 2 1
github.com/allisonhere/assho/model.go:464.21,471.4 2 1
github.com/allisonhere/assho/model.go:472.3,472.45 1 1
github.com/allisonhere/assho/model.go:475.2,475.27 1 1
github.com/allisonhere/assho/model.go:475.27,477.32 1 0
github.com/allisonhere/assho/model.go:477.32,478.33 1 0
github.com/allisonhere/assho/model.go:478.33,484.10 5 0
github.com/allisonhere/assho/model.go:487.8,490.3 2 1
github.com/allisonhere/assho/model.go:492.2,493.33 2 1
github.com/allisonhere/assho/model.go:493.33,496.3 2 1
github.com/allisonhere/assho/model.go:497.2,497.12 1 1
github.com/allisonhere/assho/model.go:500.30,502.2 1 1
github.com/allisonhere/assho/model.go:504.38,506.28 2 1
github.com/allisonhere/assho/model.go:506.28,508.43 2 1
github.com/allisonhere/assho/model.go:508.43,510.4 1 1
github.com/allisonhere/assho/model.go:513.2,517.34 5 1
github.com/allisonhere/assho/model.go:517.34,519.14 2 1
github.com/allisonhere/assho/model.go:519.14,522.12 2 1
github.com/allisonhere/assho/model.go:524.3,525.25 2 1
github.com/allisonhere/assho/model.go:525.25,526.12 1 1
github.com/allisonhere/assho/model.go:528.3,529.28 2 1
github.com/allisonhere/assho/model.go:531.2,531.12 1 1
github.com/allisonhere/assho/model.go:531.12,534.3 2 1
github.com/allisonhere/assho/model.go:535.2,535.31 1 1
github.com/allisonhere/assho/model.go:538.56,540.29 2 1
github.com/allisonhere/assho/model.go:540.29,542.3 1 1
github.com/allisonhere/assho/model.go:543.2,548.18 5 1
github.com/allisonhere/assho/model.go:548.18,551.3 2 1
github.com/allisonhere/assho/model.go:552.2,552.37 1 1
github.com/allisonhere/assho/model.go:552.37,553.37 1 1
github.com/allisonhere/assho/model.go:553.37,557.4 3 1
github.com/allisonhere/assho/model.go:560.2,562.39 3 0
github.com/allisonhere/assho/model.go:565.46,566.19 1 1
github.com/allisonhere/assho/model.go:566.19,568.3 1 1
github.com/allisonhere/assho/model.go:569.2,569.30 1 1
github.com/allisonhere/assho/model.go:569.30,572.3 2 0
github.com/allisonhere/assho/model.go:573.2,573.22 1 1
github.com/allisonhere/assho/model.go:573.22,575.3 1 1
github.com/allisonhere/assho/model.go:576.2,576.41 1 1
github.com/allisonhere/assho/model.go:576.41,578.3 1 0
github.com/allisonhere/assho/model.go:579.2,579.61 1 1
github.com/allisonhere/assho/model.go:582.55,585.31 2 1
github.com/allisonhere/assho/model.go:585.31,586.37 1 1
github.com/allisonhere/assho/model.go:586.37,588.9 2 1
github.com/allisonhere/assho/model.go:591.2,591.28 1 1
github.com/allisonhere/assho/model.go:591.28,592.39 1 1
github.com/allisonhere/assho/model.go:592.39,594.4 1 1
github.com/allisonhere/assho/model.go:596.2,597.33 2 1
github.com/allisonhere/assho/model.go:597.33,600.3 2 1
github.com/allisonhere/assho/model.go:601.2,601.12 1 0
github.com/allisonhere/assho/model.go:604.71,612.2 7 0
github.com/allisonhere/assho/model.go:618.48,620.16 2 1
github.com/allisonhere/assho/model.go:620.16,622.3 1 0
github.com/allisonhere/assho/model.go:624.2,624.28 1 1
github.com/allisonhere/assho/model.go:625.17,627.16 2 1
github.com/allisonhere/assho/model.go:627.16,629.4 1 0
github.com/allisonhere/assho/model.go:630.3,631.47 2 1
github.com/allisonhere/assho/model.go:631.47,633.4 1 0
github.com/allisonhere/assho/model.go:634.3,637.34 4 1
github.com/allisonhere/assho/model.go:637.34,640.4 2 0
github.com/allisonhere/assho/model.go:642.3,643.12 2 1
github.com/allisonhere/assho/model.go:645.12,646.23 1 1
github.com/allisonhere/assho/model.go:646.23,648.4 1 0
github.com/allisonhere/assho/model.go:649.3,650.16 2 1
github.com/allisonhere/assho/model.go:650.16,652.4 1 0
github.com/allisonhere/assho/model.go:653.3,657.20 3 1
github.com/allisonhere/assho/model.go:657.20,658.34 1 1
github.com/allisonhere/assho/model.go:658.34,659.41 1 1
github.com/allisonhere/assho/model.go:659.41,661.11 2 1
github.com/allisonhere/assho/model.go:664.9,665.47 1 1
github.com/allisonhere/assho/model.go:665.47,666.41 1 1
github.com/allisonhere/assho/model.go:666.41,668.11 2 1
github.com/allisonhere/assho/model.go:672.3,672.24 1 1
github.com/allisonhere/assho/model.go:672.24,674.4 1 1
github.com/allisonhere/assho/model.go:676.3,679.34 4 1
github.com/allisonhere/assho/model.go:679.34,682.4 2 1
github.com/allisonhere/assho/model.go:684.3,685.12 2 1
github.com/allisonhere/assho/model.go:687.2,687.11 1 0
github.com/allisonhere/assho/model.go:691.55,692.36 1 1
github.com/allisonhere/assho/model.go:692.36,693.14 1 1
github.com/allisonhere/assho/model.go:693.14,694.49 1 1
github.com/allisonhere/assho/model.go:694.49,697.5 2 1
github.com/allisonhere/assho/model.go:698.9,699.44 1 1
github.com/allisonhere/assho/model.go:699.44,702.5 2 1
github.com/allisonhere/assho/model.go:707.42,712.2 4 1
github.com/allisonhere/assho/model.go:714.42,720.2 1 1
github.com/allisonhere/assho/model.go:722.57,728.2 5 1
github.com/allisonhere/assho/ssh.go:24.37,25.24 1 0
github.com/allisonhere/assho/ssh.go:25.24,26.23 1 0
github.com/allisonhere/assho/ssh.go:26.23,28.4 1 0
github.com/allisonhere/assho/ssh.go:29.3,30.17 2 0
github.com/allisonhere/assho/ssh.go:30.17,32.4 1 0
github.com/allisonhere/assho/ssh.go:33.3,34.17 2 0
github.com/allisonhere/assho/ssh.go:34.17,36.18 2 0
github.com/allisonhere/assho/ssh.go:36.18,38.5 1 0
github.com/allisonhere/assho/ssh.go:41.3,46.26 2 0
github.com/allisonhere/assho/ssh.go:46.26,48.4 1 0
github.com/allisonhere/assho/ssh.go:48.9,50.4 1 0
github.com/allisonhere/assho/ssh.go:51.3,51.17 1 0
github.com/allisonhere/assho/ssh.go:51.17,53.4 1 0
github.com/allisonhere/assho/ssh.go:54.3,54.17 1 0
github.com/allisonhere/assho/ssh.go:54.17,56.4 1 0
github.com/allisonhere/assho/ssh.go:57.3,57.27 1 0
github.com/allisonhere/assho/ssh.go:57.27,59.4 1 0
github.com/allisonhere/assho/ssh.go:60.3,60.24 1 0
github.com/allisonhere/assho/ssh.go:60.24,62.4 1 0
github.com/allisonhere/assho/ssh.go:63.3,69.66 4 0
github.com/allisonhere/assho/ssh.go:69.66,71.18 2 0
github.com/allisonhere/assho/ssh.go:71.18,73.5 1 0
github.com/allisonhere/assho/ssh.go:74.4,75.64 2 0
github.com/allisonhere/assho/ssh.go:78.3,82.17 5 0
github.com/allisonhere/assho/ssh.go:82.17,83.45 1 0
github.com/allisonhere/assho/ssh.go:83.45,85.5 1 0
github.com/allisonhere/assho/ssh.go:86.4,87.17 2 0
github.com/allisonhere/assho/ssh.go:87.17,89.5 1 0
github.com/allisonhere/assho/ssh.go:90.4,90.56 1 0
github.com/allisonhere/assho/ssh.go:92.3,92.37 1 0
github.com/allisonhere/assho/ssh.go:96.54,97.24 1 0
github.com/allisonhere/assho/ssh.go:97.24,107.19 4 0
github.com/allisonhere/assho/ssh.go:107.19,109.4 1 0
github.com/allisonhere/assho/ssh.go:110.3,110.19 1 0
github.com/allisonhere/assho/ssh.go:110.19,112.4 1 0
github.com/allisonhere/assho/ssh.go:113.3,113.27 1 0
github.com/allisonhere/assho/ssh.go:113.27,115.4 1 0
github.com/allisonhere/assho/ssh.go:120.3,123.23 3 0
github.com/allisonhere/assho/ssh.go:123.23,125.18 2 0
github.com/allisonhere/assho/ssh.go:125.18,130.5 4 0
github.com/allisonhere/assho/ssh.go:133.3,137.17 5 0
github.com/allisonhere/assho/ssh.go:137.17,138.45 1 0
github.com/allisonhere/assho/ssh.go:138.45,140.5 1 0
github.com/allisonhere/assho/ssh.go:141.4,141.83 1 0
github.com/allisonhere/assho/ssh.go:144.3,146.30 3 0
github.com/allisonhere/assho/ssh.go:146.30,147.37 1 0
github.com/allisonhere/assho/ssh.go:147.37,148.13 1 0
github.com/allisonhere/assho/ssh.go:150.4,151.23 2 0
github.com/allisonhere/assho/ssh.go:151.23,163.5 3 0
github.com/allisonhere/assho/ssh.go:165.3,165.65 1 0
github.com/allisonhere/assho/ssh.go:169.69,171.14 2 1
github.com/allisonhere/assho/ssh.go:171.14,173.3 1 1
github.com/allisonhere/assho/ssh.go:174.2,174.18 1 1
github.com/allisonhere/assho/ssh.go:174.18,176.3 1 1
github.com/allisonhere/assho/ssh.go:177.2,177.18 1 1
github.com/allisonhere/assho/ssh.go:177.18,179.3 1 1
github.com/allisonhere/assho/ssh.go:180.2,180.26 1 1
github.com/allisonhere/assho/ssh.go:180.26,182.3 1 1
github.com/allisonhere/assho/ssh.go:183.2,183.23 1 1
github.com/allisonhere/assho/ssh.go:183.23,185.3 1 0
github.com/allisonhere/assho/ssh.go:186.2,187.21 2 1
github.com/allisonhere/assho/ssh.go:187.21,189.3 1 1
github.com/allisonhere/assho/ssh.go:190.2,190.13 1 1
github.com/allisonhere/assho/ssh.go:193.82,194.20 1 1
github.com/allisonhere/assho/ssh.go:194.20,196.3 1 1
github.com/allisonhere/assho/ssh.go:197.2,198.16 2 0
github.com/allisonhere/assho/ssh.go:198.16,200.3 1 0
github.com/allisonhere/assho/ssh.go:201.2,201.79 1 0
github.com/allisonhere/assho/ssh.go:204.49,205.16 1 1
github.com/allisonhere/assho/ssh.go:205.16,207.3 1 1
github.com/allisonhere/assho/ssh.go:208.2,209.69 2 1
github.com/allisonhere/assho/ssh.go:209.69,211.3 1 0
github.com/allisonhere/assho/ssh.go:212.2,212.47 1 1
github.com/allisonhere/assho/ssh.go:212.47,214.3 1 0
github.com/allisonhere/assho/ssh.go:215.2,217.53 1 1
github.com/allisonhere/assho/ssh.go:217.53,219.3 1 0
github.com/allisonhere/assho/ssh.go:220.2,220.19 1 1
github.com/allisonhere/assho/sshconfig.go:13.50,16.16 3 1
github.com/allisonhere/assho/sshconfig.go:16.16,18.3 1 0
github.com/allisonhere/assho/sshconfig.go:19.2,34.21 7 1
github.com/allisonhere/assho/sshconfig.go:34.21,36.49 2 1
github.com/allisonhere/assho/sshconfig.go:36.49,37.12 1 1
github.com/allisonhere/assho/sshconfig.go:41.3,44.25 3 1
github.com/allisonhere/assho/sshconfig.go:44.25,46.22 1 1
github.com/allisonhere/assho/sshconfig.go:46.22,49.5 2 1
github.com/allisonhere/assho/sshconfig.go:50.4,51.12 2 1
github.com/allisonhere/assho/sshconfig.go:54.3,54.24 1 1
github.com/allisonhere/assho/sshconfig.go:54.24,56.22 1 1
github.com/allisonhere/assho/sshconfig.go:56.22,59.5 2 1
github.com/allisonhere/assho/sshconfig.go:60.4,65.30 4 1
github.com/allisonhere/assho/sshconfig.go:65.30,66.23 1 1
github.com/allisonhere/assho/sshconfig.go:66.23,68.6 1 1
github.com/allisonhere/assho/sshconfig.go:70.4,70.23 1 1
github.com/allisonhere/assho/sshconfig.go:70.23,71.13 1 1
github.com/allisonhere/assho/sshconfig.go:73.4,74.12 2 1
github.com/allisonhere/assho/sshconfig.go:77.3,77.32 1 1
github.com/allisonhere/assho/sshconfig.go:77.32,78.12 1 1
github.com/allisonhere/assho/sshconfig.go:81.3,81.18 1 1
github.com/allisonhere/assho/sshconfig.go:82.19,83.27 1 1
github.com/allisonhere/assho/sshconfig.go:84.15,85.23 1 1
github.com/allisonhere/assho/sshconfig.go:86.15,87.23 1 1
github.com/allisonhere/assho/sshconfig.go:88.23,89.27 1 1
github.com/allisonhere/assho/sshconfig.go:92.2,92.38 1 1
github.com/allisonhere/assho/sshconfig.go:92.38,94.3 1 0
github.com/allisonhere/assho/sshconfig.go:96.2,96.20 1 1
github.com/allisonhere/assho/sshconfig.go:96.20,98.3 1 1
github.com/allisonhere/assho/sshconfig.go:101.2,102.27 2 1
github.com/allisonhere/assho/sshconfig.go:102.27,103.35 1 1
github.com/allisonhere/assho/sshconfig.go:103.35,113.24 2 1
github.com/allisonhere/assho/sshconfig.go:113.24,115.5 1 0
github.com/allisonhere/assho/sshconfig.go:116.4,116.20 1 1
github.com/allisonhere/assho/sshconfig.go:116.20,118.5 1 1
github.com/allisonhere/assho/sshconfig.go:119.4,119.28 1 1
github.com/allisonhere/assho/sshconfig.go:122.2,122.19 1 1
github.com/allisonhere/assho/sshconfig.go:127.81,129.16 2 0
github.com/allisonhere/assho/sshconfig.go:129.16,131.3 1 0
github.com/allisonhere/assho/sshconfig.go:132.2,135.16 3 0
github.com/allisonhere/assho/sshconfig.go:135.16,137.3 1 0
github.com/allisonhere/assho/sshconfig.go:140.2,141.29 2 0
github.com/allisonhere/assho/sshconfig.go:141.29,143.3 1 0
github.com/allisonhere/assho/sshconfig.go:145.2,145.27 1 0
github.com/allisonhere/assho/sshconfig.go:145.27,147.27 2 0
github.com/allisonhere/assho/sshconfig.go:147.27,149.12 2 0
github.com/allisonhere/assho/sshconfig.go:151.3,152.33 2 0
github.com/allisonhere/assho/sshconfig.go:154.2,154.31 1 0
github.com/allisonhere/assho/sshconfig.go:159.75,161.16 2 1
github.com/allisonhere/assho/sshconfig.go:161.16,163.3 1 0
github.com/allisonhere/assho/sshconfig.go:164.2,165.50 2 1
github.com/allisonhere/assho/sshconfig.go:165.50,167.3 1 0
github.com/allisonhere/assho/sshconfig.go:168.2,173.68 4 1
github.com/allisonhere/assho/sshconfig.go:173.68,175.57 2 1
github.com/allisonhere/assho/sshconfig.go:175.57,176.12 1 1
github.com/allisonhere/assho/sshconfig.go:178.3,178.50 1 1
github.com/allisonhere/assho/sshconfig.go:178.50,179.26 1 1
github.com/allisonhere/assho/sshconfig.go:179.26,181.5 1 1
github.com/allisonhere/assho/sshconfig.go:185.2,186.26 2 1
github.com/allisonhere/assho/sshconfig.go:186.26,187.57 1 1
github.com/allisonhere/assho/sshconfig.go:187.57,188.12 1 1
github.com/allisonhere/assho/sshconfig.go:190.3,191.27 2 1
github.com/allisonhere/assho/sshconfig.go:191.27,193.12 2 1
github.com/allisonhere/assho/sshconfig.go:195.3,200.19 5 1
github.com/allisonhere/assho/sshconfig.go:200.19,202.4 1 1
github.com/allisonhere/assho/sshconfig.go:203.3,203.37 1 1
github.com/allisonhere/assho/sshconfig.go:203.37,205.4 1 1
github.com/allisonhere/assho/sshconfig.go:206.3,206.27 1 1
github.com/allisonhere/assho/sshconfig.go:206.27,208.4 1 1
github.com/allisonhere/assho/sshconfig.go:209.3,209.24 1 1
github.com/allisonhere/assho/sshconfig.go:209.24,211.4 1 1
github.com/allisonhere/assho/sshconfig.go:212.3,213.13 2 1
github.com/allisonhere/assho/sshconfig.go:216.2,216.19 1 1
github.com/allisonhere/assho/sshconfig.go:216.19,218.3 1 1
github.com/allisonhere/assho/sshconfig.go:220.2,221.16 2 1
github.com/allisonhere/assho/sshconfig.go:221.16,223.3 1 0
github.com/allisonhere/assho/sshconfig.go:224.2,227.30 2 1
github.com/allisonhere/assho/sshconfig.go:227.30,229.56 2 1
github.com/allisonhere/assho/sshconfig.go:229.56,231.4 1 0
github.com/allisonhere/assho/sshconfig.go:232.3,232.21 1 1
github.com/allisonhere/assho/sshconfig.go:234.2,235.31 2 1
github.com/allisonhere/assho/sshconfig.go:239.57,241.52 1 1
github.com/allisonhere/assho/sshconfig.go:241.52,245.3 3 1
github.com/allisonhere/assho/sshconfig.go:246.2,248.20 3 1
github.com/allisonhere/assho/sshconfig.go:248.20,250.3 1 1
github.com/allisonhere/assho/sshconfig.go:251.2,251.8 1 1
github.com/allisonhere/assho/sshconfig.go:255.36,257.2 1 1
github.com/allisonhere/assho/theme.go:127.72,136.20 5 0
github.com/allisonhere/assho/theme.go:136.20,138.3 1 0
github.com/allisonhere/assho/theme.go:139.2,142.24 3 0
github.com/allisonhere/assho/theme.go:142.24,144.3 1 0
github.com/allisonhere/assho/theme.go:146.2,146.45 1 0
github.com/allisonhere/assho/theme.go:151.41,153.2 1 0
github.com/allisonhere/assho/theme.go:155.48,158.33 2 0
github.com/allisonhere/assho/theme.go:159.12,160.23 1 0
github.com/allisonhere/assho/theme.go:160.23,164.4 1 0
github.com/allisonhere/assho/theme.go:164.9,174.4 1 0
github.com/allisonhere/assho/theme.go:175.17,181.4 1 0
github.com/allisonhere/assho/theme.go:184.2,196.56 4 0
github.com/allisonhere/assho/theme.go:199.30,210.2 3 0
github.com/allisonhere/assho/theme.go:212.33,222.2 3 0
github.com/allisonhere/assho/theme.go:224.36,232.2 3 0
github.com/allisonhere/assho/update.go:10.57,11.27 1 1
github.com/allisonhere/assho/update.go:12.23,15.16 3 0
github.com/allisonhere/assho/update.go:16.20,17.18 1 0
github.com/allisonhere/assho/update.go:17.18,20.4 2 0
github.com/allisonhere/assho/update.go:21.3,21.16 1 0
github.com/allisonhere/assho/update.go:22.21,23.43 1 0
github.com/allisonhere/assho/update.go:23.43,25.4 1 0
github.com/allisonhere/assho/update.go:26.3,26.25 1 0
github.com/allisonhere/assho/update.go:27.25,30.16 3 0
github.com/allisonhere/assho/update.go:31.21,33.21 2 0
github.com/allisonhere/assho/update.go:33.21,36.4 2 0
github.com/allisonhere/assho/update.go:36.9,37.61 1 0
github.com/allisonhere/assho/update.go:37.61,41.5 3 0
github.com/allisonhere/assho/update.go:43.3,43.16 1 0
github.com/allisonhere/assho/update.go:44.25,52.16 8 0
github.com/allisonhere/assho/update.go:53.18,54.18 1 1
github.com/allisonhere/assho/update.go:54.18,56.4 1 0
github.com/allisonhere/assho/update.go:57.3,57.18 1 1
github.com/allisonhere/assho/update.go:58.18,59.28 1 1
github.com/allisonhere/assho/update.go:60.24,61.34 1 0
github.com/allisonhere/assho/update.go:62.18,63.28 1 0
github.com/allisonhere/assho/update.go:64.25,65.35 1 0
github.com/allisonhere/assho/update.go:66.21,67.31 1 0
github.com/allisonhere/assho/update.go:71.2,71.26 1 0
github.com/allisonhere/assho/update.go:74.65,75.22 1 0
github.com/allisonhere/assho/update.go:76.16,78.21 2 0
github.com/allisonhere/assho/update.go:79.23,80.22 1 0
github.com/allisonhere/assho/update.go:82.2,82.15 1 0
github.com/allisonhere/assho/update.go:87.61,89.17 2 0
github.com/allisonhere/assho/update.go:90.17,91.35 1 0
github.com/allisonhere/assho/update.go:92.23,93.47 1 0
github.com/allisonhere/assho/update.go:94.17,95.56 1 0
github.com/allisonhere/assho/update.go:95.56,96.57 1 0
github.com/allisonhere/assho/update.go:96.57,98.5 1 0
github.com/allisonhere/assho/update.go:100.24,101.47 1 0
github.com/allisonhere/assho/update.go:102.20,103.49 1 0
github.com/allisonhere/assho/update.go:105.2,105.15 1 0
github.com/allisonhere/assho/update_form.go:10.70,11.22 1 0
github.com/allisonhere/assho/update_form.go:12.18,17.28 5 0
github.com/allisonhere/assho/update_form.go:19.2,21.67 3 0
github.com/allisonhere/assho/update_form.go:21.67,27.3 5 0
github.com/allisonhere/assho/update_form.go:27.8,27.79 1 0
github.com/allisonhere/assho/update_form.go:27.79,31.3 3 0
github.com/allisonhere/assho/update_form.go:32.2,32.15 1 0
github.com/allisonhere/assho/update_form.go:35.64,36.22 1 0
github.com/allisonhere/assho/update_form.go:37.16,39.21 2 0
github.com/allisonhere/assho/update_form.go:40.16,51.30 4 0
github.com/allisonhere/assho/update_form.go:52.13,53.37 1 0
github.com/allisonhere/assho/update_form.go:53.37,56.4 2 0
github.com/allisonhere/assho/update_form.go:57.3,63.16 7 0
github.com/allisonhere/assho/update_form.go:64.21,65.20 1 0
github.com/allisonhere/assho/update_form.go:65.20,68.4 2 0
github.com/allisonhere/assho/update_form.go:69.3,69.54 1 0
github.com/allisonhere/assho/update_form.go:69.54,72.4 2 0
github.com/allisonhere/assho/update_form.go:73.3,73.53 1 0
github.com/allisonhere/assho/update_form.go:73.53,77.4 3 0
github.com/allisonhere/assho/update_form.go:78.3,79.36 2 0
github.com/allisonhere/assho/update_form.go:79.36,80.29 1 0
github.com/allisonhere/assho/update_form.go:80.29,84.29 4 0
github.com/allisonhere/assho/update_form.go:84.29,88.6 3 0
github.com/allisonhere/assho/update_form.go:89.5,89.18 1 0
github.com/allisonhere/assho/update_form.go:91.4,91.20 1 0
github.com/allisonhere/assho/update_form.go:93.3,96.28 4 0
github.com/allisonhere/assho/update_form.go:97.25,98.20 1 0
github.com/allisonhere/assho/update_form.go:98.20,103.4 4 0
github.com/allisonhere/assho/update_form.go:104.3,104.36 1 0
github.com/allisonhere/assho/update_form.go:104.36,108.4 3 0
github.com/allisonhere/assho/update_form.go:109.3,109.53 1 0
github.com/allisonhere/assho/update_form.go:109.53,112.4 2 0
github.com/allisonhere/assho/update_form.go:113.3,114.23 2 0
github.com/allisonhere/assho/update_form.go:114.23,116.4 1 0
github.com/allisonhere/assho/update_form.go:117.3,120.28 4 0
github.com/allisonhere/assho/update_form.go:121.15,122.45 1 0
github.com/allisonhere/assho/update_form.go:122.45,123.22 1 0
github.com/allisonhere/assho/update_form.go:123.22,126.5 2 0
github.com/allisonhere/assho/update_form.go:127.4,128.35 2 0
github.com/allisonhere/assho/update_form.go:128.35,129.34 1 0
github.com/allisonhere/assho/update_form.go:129.34,131.11 2 0
github.com/allisonhere/assho/update_form.go:134.4,135.35 2 0
github.com/allisonhere/assho/update_form.go:135.35,143.5 7 0
github.com/allisonhere/assho/update_form.go:144.4,147.17 4 0
github.com/allisonhere/assho/update_form.go:149.3,149.53 1 0
github.com/allisonhere/assho/update_form.go:149.53,153.4 3 0
github.com/allisonhere/assho/update_form.go:154.3,154.51 1 0
github.com/allisonhere/assho/update_form.go:154.51,155.83 1 0
github.com/allisonhere/assho/update_form.go:155.83,160.5 4 0
github.com/allisonhere/assho/update_form.go:162.3,162.38 1 0
github.com/allisonhere/assho/update_form.go:162.38,163.43 1 0
github.com/allisonhere/assho/update_form.go:163.43,166.5 2 0
github.com/allisonhere/assho/update_form.go:167.4,172.17 6 0
github.com/allisonhere/assho/update_form.go:174.3,179.28 6 0
github.com/allisonhere/assho/update_form.go:180.14,181.51 1 0
github.com/allisonhere/assho/update_form.go:181.51,182.31 1 0
github.com/allisonhere/assho/update_form.go:182.31,184.25 2 0
github.com/allisonhere/assho/update_form.go:184.25,186.6 1 0
github.com/allisonhere/assho/update_form.go:187.5,187.35 1 0
github.com/allisonhere/assho/update_form.go:189.4,189.17 1 0
github.com/allisonhere/assho/update_form.go:191.15,192.51 1 0
github.com/allisonhere/assho/update_form.go:192.51,193.31 1 0
github.com/allisonhere/assho/update_form.go:193.31,196.5 2 0
github.com/allisonhere/assho/update_form.go:197.4,197.17 1 0
github.com/allisonhere/assho/update_form.go:199.10,200.53 1 0
github.com/allisonhere/assho/update_form.go:200.53,202.4 1 0
github.com/allisonhere/assho/update_form.go:203.3,203.20 1 0
github.com/allisonhere/assho/update_form.go:203.20,206.4 2 0
github.com/allisonhere/assho/update_form.go:207.3,207.51 1 0
github.com/allisonhere/assho/update_form.go:207.51,209.4 1 0
github.com/allisonhere/assho/update_form.go:210.3,210.56 1 0
github.com/allisonhere/assho/update_form.go:210.56,214.4 3 0
github.com/allisonhere/assho/update_form.go:216.2,216.15 1 0
github.com/allisonhere/assho/update_group.go:10.71,11.22 1 0
github.com/allisonhere/assho/update_group.go:12.13,16.16 4 0
github.com/allisonhere/assho/update_group.go:17.15,19.17 2 0
github.com/allisonhere/assho/update_group.go:19.17,22.4 2 0
github.com/allisonhere/assho/update_group.go:23.3,23.59 1 0
github.com/allisonhere/assho/update_group.go:23.59,24.73 1 0
github.com/allisonhere/assho/update_group.go:24.74,26.5 0 0
github.com/allisonhere/assho/update_group.go:26.10,29.5 2 0
github.com/allisonhere/assho/update_group.go:31.3,31.32 1 0
github.com/allisonhere/assho/update_group.go:31.32,35.35 4 0
github.com/allisonhere/assho/update_group.go:35.35,39.5 3 0
github.com/allisonhere/assho/update_group.go:40.9,40.39 1 0
github.com/allisonhere/assho/update_group.go:40.39,42.31 2 0
github.com/allisonhere/assho/update_group.go:42.31,43.43 1 0
github.com/allisonhere/assho/update_group.go:43.43,45.11 2 0
github.com/allisonhere/assho/update_group.go:48.4,49.35 2 0
github.com/allisonhere/assho/update_group.go:49.35,53.5 3 0
github.com/allisonhere/assho/update_group.go:55.3,59.16 5 0
github.com/allisonhere/assho/update_group.go:60.10,63.16 3 0
github.com/allisonhere/assho/update_history.go:9.67,10.22 1 0
github.com/allisonhere/assho/update_history.go:11.21,13.21 2 0
github.com/allisonhere/assho/update_history.go:14.18,16.16 2 0
github.com/allisonhere/assho/update_history.go:17.15,18.55 1 0
github.com/allisonhere/assho/update_history.go:18.55,19.24 1 0
github.com/allisonhere/assho/update_history.go:19.24,22.5 1 0
github.com/allisonhere/assho/update_history.go:23.4,25.35 3 0
github.com/allisonhere/assho/update_history.go:25.35,31.5 5 0
github.com/allisonhere/assho/update_history.go:32.4,33.22 2 0
github.com/allisonhere/assho/update_history.go:35.11,36.55 1 0
github.com/allisonhere/assho/update_history.go:36.55,38.17 2 0
github.com/allisonhere/assho/update_history.go:38.17,49.5 10 0
github.com/allisonhere/assho/update_history.go:52.2,54.15 3 0
github.com/allisonhere/assho/update_list.go:10.64,11.44 1 1
github.com/allisonhere/assho/update_list.go:11.44,15.46 3 0
github.com/allisonhere/assho/update_list.go:15.46,17.4 1 0
github.com/allisonhere/assho/update_list.go:18.3,18.16 1 0
github.com/allisonhere/assho/update_list.go:20.2,20.27 1 1
github.com/allisonhere/assho/update_list.go:20.27,23.3 2 0
github.com/allisonhere/assho/update_list.go:24.2,24.94 1 1
github.com/allisonhere/assho/update_list.go:24.94,26.3 1 0
github.com/allisonhere/assho/update_list.go:27.2,27.22 1 1
github.com/allisonhere/assho/update_list.go:28.16,30.21 2 0
github.com/allisonhere/assho/update_list.go:31.13,32.24 1 0
github.com/allisonhere/assho/update_list.go:32.24,35.4 2 0
github.com/allisonhere/assho/update_list.go:36.11,38.21 2 0
github.com/allisonhere/assho/update_list.go:39.11,50.28 11 0
github.com/allisonhere/assho/update_list.go:51.24,52.44 1 1
github.com/allisonhere/assho/update_list.go:53.18,54.33 1 0
github.com/allisonhere/assho/update_list.go:54.33,55.36 1 0
github.com/allisonhere/assho/update_list.go:55.36,59.6 3 0
github.com/allisonhere/assho/update_list.go:61.13,62.21 1 1
github.com/allisonhere/assho/update_list.go:62.21,66.36 4 0
github.com/allisonhere/assho/update_list.go:66.36,71.6 4 0
github.com/allisonhere/assho/update_list.go:72.5,73.23 2 0
github.com/allisonhere/assho/update_list.go:75.4,75.31 1 1
github.com/allisonhere/assho/update_list.go:75.31,76.36 1 0
github.com/allisonhere/assho/update_list.go:76.36,77.22 1 0
github.com/allisonhere/assho/update_list.go:77.22,81.7 3 0
github.com/allisonhere/assho/update_list.go:84.4,84.31 1 1
github.com/allisonhere/assho/update_list.go:84.31,88.36 4 1
github.com/allisonhere/assho/update_list.go:88.36,93.6 4 1
github.com/allisonhere/assho/update_list.go:94.5,95.23 2 0
github.com/allisonhere/assho/update_list.go:98.15,99.53 1 0
github.com/allisonhere/assho/update_list.go:99.53,100.33 1 0
github.com/allisonhere/assho/update_list.go:100.33,101.36 1 0
github.com/allisonhere/assho/update_list.go:101.36,102.36 1 0
github.com/allisonhere/assho/update_list.go:102.36,105.7 2 0
github.com/allisonhere/assho/update_list.go:106.6,106.19 1 0
github.com/allisonhere/assho/update_list.go:110.3,110.66 1 0
github.com/allisonhere/assho/update_list.go:110.66,111.35 1 0
github.com/allisonhere/assho/update_list.go:111.35,112.21 1 0
github.com/allisonhere/assho/update_list.go:112.21,113.21 1 0
github.com/allisonhere/assho/update_list.go:113.21,115.33 2 0
github.com/allisonhere/assho/update_list.go:115.33,119.8 3 0
github.com/allisonhere/assho/update_list.go:120.7,120.61 1 0
github.com/allisonhere/assho/update_list.go:122.6,122.19 1 0
github.com/allisonhere/assho/update_list.go:126.14,127.53 1 0
github.com/allisonhere/assho/update_list.go:127.53,128.33 1 0
github.com/allisonhere/assho/update_list.go:128.33,129.36 1 0
github.com/allisonhere/assho/update_list.go:129.36,130.35 1 0
github.com/allisonhere/assho/update_list.go:130.35,133.7 2 0
github.com/allisonhere/assho/update_list.go:134.6,134.19 1 0
github.com/allisonhere/assho/update_list.go:138.3,138.66 1 0
github.com/allisonhere/assho/update_list.go:138.66,139.35 1 0
github.com/allisonhere/assho/update_list.go:139.35,140.21 1 0
github.com/allisonhere/assho/update_list.go:140.21,141.20 1 0
github.com/allisonhere/assho/update_list.go:141.20,144.7 2 0
github.com/allisonhere/assho/update_list.go:145.6,145.19 1 0
github.com/allisonhere/assho/update_list.go:149.16,150.66 1 0
github.com/allisonhere/assho/update_list.go:150.66,152.17 2 0
github.com/allisonhere/assho/update_list.go:152.17,155.5 2 0
github.com/allisonhere/assho/update_list.go:157.11,158.66 1 0
github.com/allisonhere/assho/update_list.go:158.66,169.4 10 0
github.com/allisonhere/assho/update_list.go:170.11,171.66 1 0
github.com/allisonhere/assho/update_list.go:171.66,186.4 14 0
github.com/allisonhere/assho/update_list.go:187.11,188.69 1 0
github.com/allisonhere/assho/update_list.go:188.69,189.54 1 0
github.com/allisonhere/assho/update_list.go:189.54,190.84 1 0
github.com/allisonhere/assho/update_list.go:190.84,196.6 5 0
github.com/allisonhere/assho/update_list.go:197.5,197.51 1 0
github.com/allisonhere/assho/update_list.go:197.51,201.6 3 0
github.com/allisonhere/assho/update_list.go:202.5,203.18 2 0
github.com/allisonhere/assho/update_list.go:205.4,205.49 1 0
github.com/allisonhere/assho/update_list.go:205.49,206.83 1 0
github.com/allisonhere/assho/update_list.go:206.83,212.6 5 0
github.com/allisonhere/assho/update_list.go:213.5,214.36 2 0
github.com/allisonhere/assho/update_list.go:214.36,215.22 1 0
github.com/allisonhere/assho/update_list.go:215.22,217.12 2 0
github.com/allisonhere/assho/update_list.go:220.5,221.36 2 0
github.com/allisonhere/assho/update_list.go:221.36,226.6 4 0
github.com/allisonhere/assho/update_list.go:227.5,227.31 1 0
github.com/allisonhere/assho/update_list.go:230.11,232.17 2 0
github.com/allisonhere/assho/update_list.go:232.17,236.4 3 0
github.com/allisonhere/assho/update_list.go:237.3,240.34 4 0
github.com/allisonhere/assho/update_list.go:240.34,245.4 4 0
github.com/allisonhere/assho/update_list.go:246.3,248.16 3 0
github.com/allisonhere/assho/update_list.go:249.16,251.17 2 0
github.com/allisonhere/assho/update_list.go:251.17,255.4 3 0
github.com/allisonhere/assho/update_list.go:256.3,258.16 3 0
github.com/allisonhere/assho/update_list.go:259.11,262.16 3 0
github.com/allisonhere/assho/update_list.go:263.11,266.24 3 0
github.com/allisonhere/assho/update_list.go:267.11,269.16 2 0
github.com/allisonhere/assho/update_list.go:270.11,271.53 1 0
github.com/allisonhere/assho/update_list.go:271.53,274.4 2 0
github.com/allisonhere/assho/update_list.go:275.18,276.39 1 0
github.com/allisonhere/assho/update_list.go:276.39,279.4 2 0
github.com/allisonhere/assho/update_list.go:280.3,280.16 1 0
github.com/allisonhere/assho/update_list.go:281.20,282.39 1 0
github.com/allisonhere/assho/update_list.go:282.39,285.4 2 0
github.com/allisonhere/assho/update_list.go:286.3,286.16 1 0
github.com/allisonhere/assho/update_list.go:287.11,288.53 1 0
github.com/allisonhere/assho/update_list.go:288.53,289.83 1 0
github.com/allisonhere/assho/update_list.go:289.83,295.5 5 0
github.com/allisonhere/assho/update_list.go:296.4,296.50 1 0
github.com/allisonhere/assho/update_list.go:296.50,300.5 3 0
github.com/allisonhere/assho/update_list.go:301.4,302.17 2 0
github.com/allisonhere/assho/update_list.go:306.2,308.63 2 0
github.com/allisonhere/assho/update_list.go:308.63,310.3 1 0
github.com/allisonhere/assho/update_list.go:311.2,314.83 3 0
github.com/allisonhere/assho/update_list.go:314.83,316.3 1 0
github.com/allisonhere/assho/update_list.go:317.2,317.15 1 0
github.com/allisonhere/assho/view.go:13.26,14.66 1 0
github.com/allisonhere/assho/view.go:14.66,16.3 1 0
github.com/allisonhere/assho/view.go:21.27,22.66 1 0
github.com/allisonhere/assho/view.go:22.66,24.3 1 0
github.com/allisonhere/assho/view.go:27.30,28.16 1 0
github.com/allisonhere/assho/view.go:28.16,30.3 1 0
github.com/allisonhere/assho/view.go:31.2,31.41 1 0
github.com/allisonhere/assho/view.go:31.41,35.17 3 0
github.com/allisonhere/assho/view.go:35.17,38.4 1 0
github.com/allisonhere/assho/view.go:39.3,40.24 2 0
github.com/allisonhere/assho/view.go:40.24,42.4 1 0
github.com/allisonhere/assho/view.go:44.3,45.28 2 0
github.com/allisonhere/assho/view.go:45.28,48.23 3 0
github.com/allisonhere/assho/view.go:48.23,51.5 2 0
github.com/allisonhere/assho/view.go:52.4,52.74 1 0
github.com/allisonhere/assho/view.go:55.3,56.19 2 0
github.com/allisonhere/assho/view.go:56.19,58.4 1 0
github.com/allisonhere/assho/view.go:59.3,62.18 3 0
github.com/allisonhere/assho/view.go:62.18,74.4 4 0
github.com/allisonhere/assho/view.go:76.3,76.12 1 0
github.com/allisonhere/assho/view.go:78.2,78.32 1 0
github.com/allisonhere/assho/view.go:78.32,83.3 4 0
github.com/allisonhere/assho/view.go:84.2,84.29 1 0
github.com/allisonhere/assho/view.go:84.29,89.3 4 0
github.com/allisonhere/assho/view.go:90.2,90.33 1 0
github.com/allisonhere/assho/view.go:90.33,92.32 2 0
github.com/allisonhere/assho/view.go:92.32,94.4 1 0
github.com/allisonhere/assho/view.go:95.3,97.37 3 0
github.com/allisonhere/assho/view.go:100.2,101.27 2 0
github.com/allisonhere/assho/view.go:101.27,103.3 1 0
github.com/allisonhere/assho/view.go:103.8,105.3 1 0
github.com/allisonhere/assho/view.go:107.2,116.25 6 0
github.com/allisonhere/assho/view.go:116.25,118.3 1 0
github.com/allisonhere/assho/view.go:120.2,129.52 5 0
github.com/allisonhere/assho/view.go:129.52,131.3 1 0
github.com/allisonhere/assho/view.go:132.2,138.19 6 0
github.com/allisonhere/assho/view.go:138.19,140.3 1 0
github.com/allisonhere/assho/view.go:140.8,143.33 3 0
github.com/allisonhere/assho/view.go:143.33,146.4 2 0
github.com/allisonhere/assho/view.go:147.3,148.30 2 0
github.com/allisonhere/assho/view.go:148.30,150.4 1 0
github.com/allisonhere/assho/view.go:151.3,151.126 1 0
github.com/allisonhere/assho/view.go:154.2,154.27 1 0
github.com/allisonhere/assho/view.go:154.27,156.20 2 0
github.com/allisonhere/assho/view.go:156.20,158.4 1 0
github.com/allisonhere/assho/view.go:159.3,164.21 2 0
github.com/allisonhere/assho/view.go:164.21,169.4 1 0
github.com/allisonhere/assho/view.go:170.3,171.20 2 0
github.com/allisonhere/assho/view.go:171.20,173.4 1 0
github.com/allisonhere/assho/view.go:177.2,177.15 1 0
github.com/allisonhere/assho/view.go:177.15,180.3 1 0
github.com/allisonhere/assho/view.go:180.8,180.31 1 0
github.com/allisonhere/assho/view.go:180.31,181.19 1 0
github.com/allisonhere/assho/view.go:181.19,183.4 1 0
github.com/allisonhere/assho/view.go:183.9,185.4 1 0
github.com/allisonhere/assho/view.go:187.2,187.23 1 0
github.com/allisonhere/assho/view.go:187.23,189.3 1 0
github.com/allisonhere/assho/view.go:191.2,194.37 3 0
github.com/allisonhere/assho/view.go:197.35,217.9 11 0
github.com/allisonhere/assho/view.go:218.24,219.24 1 0
github.com/allisonhere/assho/view.go:219.24,221.4 1 0
github.com/allisonhere/assho/view.go:221.9,223.4 1 0
github.com/allisonhere/assho/view.go:224.24,225.24 1 0
github.com/allisonhere/assho/view.go:225.24,227.4 1 0
github.com/allisonhere/assho/view.go:227.9,229.4 1 0
github.com/allisonhere/assho/view.go:230.44,232.39 2 0
github.com/allisonhere/assho/view.go:233.24,235.39 2 0
github.com/allisonhere/assho/view.go:239.2,249.59 9 0
github.com/allisonhere/assho/view.go:249.59,251.3 1 0
github.com/allisonhere/assho/view.go:253.2,260.19 7 0
github.com/allisonhere/assho/view.go:263.41,282.42 10 0
github.com/allisonhere/assho/view.go:282.42,284.3 1 0
github.com/allisonhere/assho/view.go:286.2,305.26 10 0
github.com/allisonhere/assho/view.go:305.26,307.23 2 0
github.com/allisonhere/assho/view.go:307.23,309.4 1 0
github.com/allisonhere/assho/view.go:311.2,324.17 5 0
